udpserver fast on 127.0.0.1:5352 text=off
SOCKETS bound=2 [IPv4] [IPv6]
RAW len=12 b0=0 b1=22
TASK id=1 op=2 v1=53 v2=72
RAW len=12 b0=0 b1=22
RAW len=12 b0=0 b1=22
RAW len=12 b0=0 b1=22
RAW len=12 b0=0 b1=22
RAW len=12 b0=0 b1=22
RAW len=12 b0=0 b1=22
RAW len=12 b0=0 b1=22
RAW len=12 b0=0 b1=22
RAW len=12 b0=0 b1=22
RAW len=26 b0=0 b1=2
ANS id=1 ok=1 res=-19
RAW len=26 b0=0 b1=2
RAW len=12 b0=0 b1=22
TASK id=2 op=4 v1=72 v2=62
RAW len=12 b0=0 b1=22
RAW len=26 b0=0 b1=2
ANS id=2 ok=1 res=1
TASK id=3 op=4 v1=28 v2=17
ANS id=3 ok=1 res=1
TASK id=4 op=3 v1=41 v2=27
DIAG tasks=4 ok=3 fail=0 pend=1 elapsedMs=1003
ANS id=4 ok=1 res=1107
TASK id=5 op=2 v1=12 v2=95
ANS id=5 ok=1 res=-83
TASK id=6 op=2 v1=3 v2=80
ANS id=6 ok=1 res=-77
TASK id=7 op=4 v1=19 v2=54
ANS id=7 ok=1 res=0
TASK id=8 op=4 v1=80 v2=48
ANS id=8 ok=1 res=1
TASK id=9 op=3 v1=25 v2=42
ANS id=9 ok=1 res=1050
TASK id=10 op=4 v1=47 v2=68
ANS id=10 ok=1 res=0
TASK id=11 op=1 v1=73 v2=72
ANS id=11 ok=1 res=145
TASK id=12 op=1 v1=88 v2=44
ANS id=12 ok=1 res=132
TASK id=13 op=4 v1=24 v2=57
ANS id=13 ok=1 res=0
TASK id=14 op=2 v1=50 v2=51
ANS id=14 ok=1 res=-1
TASK id=15 op=3 v1=62 v2=47
ANS id=15 ok=1 res=2914
TASK id=16 op=4 v1=79 v2=18
ANS id=16 ok=1 res=4
TASK id=17 op=3 v1=24 v2=50
ANS id=17 ok=1 res=1200
TASK id=18 op=2 v1=24 v2=50
ANS id=18 ok=1 res=-26
TASK id=19 op=2 v1=26 v2=75
ANS id=19 ok=1 res=-49
TASK id=20 op=4 v1=95 v2=78
ANS id=20 ok=1 res=1
PROGRESS ans=20 ok=20 ms=1005
TASK id=21 op=4 v1=68 v2=54
ANS id=21 ok=1 res=1
TASK id=22 op=4 v1=8 v2=50
ANS id=22 ok=1 res=0
TASK id=23 op=4 v1=66 v2=13
ANS id=23 ok=1 res=5
TASK id=24 op=4 v1=16 v2=2
ANS id=24 ok=1 res=8
TASK id=25 op=4 v1=31 v2=16
ANS id=25 ok=1 res=1
TASK id=26 op=3 v1=72 v2=49
ANS id=26 ok=1 res=3528
TASK id=27 op=2 v1=70 v2=73
ANS id=27 ok=1 res=-3
DIAG tasks=27 ok=27 fail=0 pend=0 elapsedMs=2007
DIAG tasks=27 ok=27 fail=0 pend=0 elapsedMs=3009
DIAG tasks=27 ok=27 fail=0 pend=0 elapsedMs=4009
DIAG tasks=27 ok=27 fail=0 pend=0 elapsedMs=5011
DIAG tasks=27 ok=27 fail=0 pend=0 elapsedMs=6012
DIAG tasks=27 ok=27 fail=0 pend=0 elapsedMs=7012
DIAG tasks=27 ok=27 fail=0 pend=0 elapsedMs=8015
DIAG tasks=27 ok=27 fail=0 pend=0 elapsedMs=9016
DIAG tasks=27 ok=27 fail=0 pend=0 elapsedMs=10016
DIAG tasks=27 ok=27 fail=0 pend=0 elapsedMs=11019
DIAG tasks=27 ok=27 fail=0 pend=0 elapsedMs=12019
DIAG tasks=27 ok=27 fail=0 pend=0 elapsedMs=13020
DIAG tasks=27 ok=27 fail=0 pend=0 elapsedMs=14022
DIAG tasks=27 ok=27 fail=0 pend=0 elapsedMs=15023
DIAG tasks=27 ok=27 fail=0 pend=0 elapsedMs=16023
DIAG tasks=27 ok=27 fail=0 pend=0 elapsedMs=17026
DIAG tasks=27 ok=27 fail=0 pend=0 elapsedMs=18027
DIAG tasks=27 ok=27 fail=0 pend=0 elapsedMs=19027
DIAG tasks=27 ok=27 fail=0 pend=0 elapsedMs=20029
DIAG tasks=27 ok=27 fail=0 pend=0 elapsedMs=21030
DIAG tasks=27 ok=27 fail=0 pend=0 elapsedMs=22031
DIAG tasks=27 ok=27 fail=0 pend=0 elapsedMs=23033
DIAG tasks=27 ok=27 fail=0 pend=0 elapsedMs=24034
DIAG tasks=27 ok=27 fail=0 pend=0 elapsedMs=25034
DIAG tasks=27 ok=27 fail=0 pend=0 elapsedMs=26036
DIAG tasks=27 ok=27 fail=0 pend=0 elapsedMs=27038
DIAG tasks=27 ok=27 fail=0 pend=0 elapsedMs=28038
DIAG tasks=27 ok=27 fail=0 pend=0 elapsedMs=29040
DIAG tasks=27 ok=27 fail=0 pend=0 elapsedMs=30041
DIAG tasks=27 ok=27 fail=0 pend=0 elapsedMs=31042
DIAG tasks=27 ok=27 fail=0 pend=0 elapsedMs=32044
DIAG tasks=27 ok=27 fail=0 pend=0 elapsedMs=33044
DIAG tasks=27 ok=27 fail=0 pend=0 elapsedMs=34045
DIAG tasks=27 ok=27 fail=0 pend=0 elapsedMs=35047
DIAG tasks=27 ok=27 fail=0 pend=0 elapsedMs=36047
DIAG tasks=27 ok=27 fail=0 pend=0 elapsedMs=37048
DIAG tasks=27 ok=27 fail=0 pend=0 elapsedMs=38050
DIAG tasks=27 ok=27 fail=0 pend=0 elapsedMs=39051
DIAG tasks=27 ok=27 fail=0 pend=0 elapsedMs=40052
DIAG tasks=27 ok=27 fail=0 pend=0 elapsedMs=41054
DIAG tasks=27 ok=27 fail=0 pend=0 elapsedMs=42063
DIAG tasks=27 ok=27 fail=0 pend=0 elapsedMs=43071
DIAG tasks=27 ok=27 fail=0 pend=0 elapsedMs=44079
DIAG tasks=27 ok=27 fail=0 pend=0 elapsedMs=45087
DIAG tasks=27 ok=27 fail=0 pend=0 elapsedMs=46095
DIAG tasks=27 ok=27 fail=0 pend=0 elapsedMs=47104
DIAG tasks=27 ok=27 fail=0 pend=0 elapsedMs=48112
DIAG tasks=27 ok=27 fail=0 pend=0 elapsedMs=49120
DIAG tasks=27 ok=27 fail=0 pend=0 elapsedMs=50129
DIAG tasks=27 ok=27 fail=0 pend=0 elapsedMs=51137
DIAG tasks=27 ok=27 fail=0 pend=0 elapsedMs=52146
DIAG tasks=27 ok=27 fail=0 pend=0 elapsedMs=53155
DIAG tasks=27 ok=27 fail=0 pend=0 elapsedMs=54164
DIAG tasks=27 ok=27 fail=0 pend=0 elapsedMs=55172
DIAG tasks=27 ok=27 fail=0 pend=0 elapsedMs=56181
DIAG tasks=27 ok=27 fail=0 pend=0 elapsedMs=57190
DIAG tasks=27 ok=27 fail=0 pend=0 elapsedMs=58198
DIAG tasks=27 ok=27 fail=0 pend=0 elapsedMs=59207
DIAG tasks=27 ok=27 fail=0 pend=0 elapsedMs=60216
DIAG tasks=27 ok=27 fail=0 pend=0 elapsedMs=61224
DIAG tasks=27 ok=27 fail=0 pend=0 elapsedMs=62232
DIAG tasks=27 ok=27 fail=0 pend=0 elapsedMs=63241
DIAG tasks=27 ok=27 fail=0 pend=0 elapsedMs=64249
DIAG tasks=27 ok=27 fail=0 pend=0 elapsedMs=65258
DIAG tasks=27 ok=27 fail=0 pend=0 elapsedMs=66266
DIAG tasks=27 ok=27 fail=0 pend=0 elapsedMs=67275
DIAG tasks=27 ok=27 fail=0 pend=0 elapsedMs=68283
DIAG tasks=27 ok=27 fail=0 pend=0 elapsedMs=69291
DIAG tasks=27 ok=27 fail=0 pend=0 elapsedMs=70299
DIAG tasks=27 ok=27 fail=0 pend=0 elapsedMs=71308
DIAG tasks=27 ok=27 fail=0 pend=0 elapsedMs=72316
DIAG tasks=27 ok=27 fail=0 pend=0 elapsedMs=73324
DIAG tasks=27 ok=27 fail=0 pend=0 elapsedMs=74333
DIAG tasks=27 ok=27 fail=0 pend=0 elapsedMs=75342
DIAG tasks=27 ok=27 fail=0 pend=0 elapsedMs=76350
DIAG tasks=27 ok=27 fail=0 pend=0 elapsedMs=77359
DIAG tasks=27 ok=27 fail=0 pend=0 elapsedMs=78367
DIAG tasks=27 ok=27 fail=0 pend=0 elapsedMs=79376
DIAG tasks=27 ok=27 fail=0 pend=0 elapsedMs=80384
DIAG tasks=27 ok=27 fail=0 pend=0 elapsedMs=81392
DIAG tasks=27 ok=27 fail=0 pend=0 elapsedMs=82400
DIAG tasks=27 ok=27 fail=0 pend=0 elapsedMs=83408
DIAG tasks=27 ok=27 fail=0 pend=0 elapsedMs=84417
DIAG tasks=27 ok=27 fail=0 pend=0 elapsedMs=85425
DIAG tasks=27 ok=27 fail=0 pend=0 elapsedMs=86433
DIAG tasks=27 ok=27 fail=0 pend=0 elapsedMs=87442
DIAG tasks=27 ok=27 fail=0 pend=0 elapsedMs=88450
DIAG tasks=27 ok=27 fail=0 pend=0 elapsedMs=89458
DIAG tasks=27 ok=27 fail=0 pend=0 elapsedMs=90467
DIAG tasks=27 ok=27 fail=0 pend=0 elapsedMs=91476
DIAG tasks=27 ok=27 fail=0 pend=0 elapsedMs=92484
DIAG tasks=27 ok=27 fail=0 pend=0 elapsedMs=93492
DIAG tasks=27 ok=27 fail=0 pend=0 elapsedMs=94501
DIAG tasks=27 ok=27 fail=0 pend=0 elapsedMs=95509
DIAG tasks=27 ok=27 fail=0 pend=0 elapsedMs=96517
DIAG tasks=27 ok=27 fail=0 pend=0 elapsedMs=97525
DIAG tasks=27 ok=27 fail=0 pend=0 elapsedMs=98533
DIAG tasks=27 ok=27 fail=0 pend=0 elapsedMs=99541
DIAG tasks=27 ok=27 fail=0 pend=0 elapsedMs=100549
DIAG tasks=27 ok=27 fail=0 pend=0 elapsedMs=101558
DIAG tasks=27 ok=27 fail=0 pend=0 elapsedMs=102566
DIAG tasks=27 ok=27 fail=0 pend=0 elapsedMs=103574
DIAG tasks=27 ok=27 fail=0 pend=0 elapsedMs=104582
DIAG tasks=27 ok=27 fail=0 pend=0 elapsedMs=105590
DIAG tasks=27 ok=27 fail=0 pend=0 elapsedMs=106598
DIAG tasks=27 ok=27 fail=0 pend=0 elapsedMs=107607
DIAG tasks=27 ok=27 fail=0 pend=0 elapsedMs=108615
DIAG tasks=27 ok=27 fail=0 pend=0 elapsedMs=109624
DIAG tasks=27 ok=27 fail=0 pend=0 elapsedMs=110633
DIAG tasks=27 ok=27 fail=0 pend=0 elapsedMs=111641
DIAG tasks=27 ok=27 fail=0 pend=0 elapsedMs=112651
DIAG tasks=27 ok=27 fail=0 pend=0 elapsedMs=113659
DIAG tasks=27 ok=27 fail=0 pend=0 elapsedMs=114668
DIAG tasks=27 ok=27 fail=0 pend=0 elapsedMs=115676
DIAG tasks=27 ok=27 fail=0 pend=0 elapsedMs=116686
DIAG tasks=27 ok=27 fail=0 pend=0 elapsedMs=117694
DIAG tasks=27 ok=27 fail=0 pend=0 elapsedMs=118703
DIAG tasks=27 ok=27 fail=0 pend=0 elapsedMs=119712
DIAG tasks=27 ok=27 fail=0 pend=0 elapsedMs=120721
DIAG tasks=27 ok=27 fail=0 pend=0 elapsedMs=121729
DIAG tasks=27 ok=27 fail=0 pend=0 elapsedMs=122736
DIAG tasks=27 ok=27 fail=0 pend=0 elapsedMs=123745
DIAG tasks=27 ok=27 fail=0 pend=0 elapsedMs=124753
DIAG tasks=27 ok=27 fail=0 pend=0 elapsedMs=125761
DIAG tasks=27 ok=27 fail=0 pend=0 elapsedMs=126768
DIAG tasks=27 ok=27 fail=0 pend=0 elapsedMs=127776
DIAG tasks=27 ok=27 fail=0 pend=0 elapsedMs=128785
DIAG tasks=27 ok=27 fail=0 pend=0 elapsedMs=129792
DIAG tasks=27 ok=27 fail=0 pend=0 elapsedMs=130800
DIAG tasks=27 ok=27 fail=0 pend=0 elapsedMs=131808
DIAG tasks=27 ok=27 fail=0 pend=0 elapsedMs=132817
DIAG tasks=27 ok=27 fail=0 pend=0 elapsedMs=133825
DIAG tasks=27 ok=27 fail=0 pend=0 elapsedMs=134833
DIAG tasks=27 ok=27 fail=0 pend=0 elapsedMs=135841
DIAG tasks=27 ok=27 fail=0 pend=0 elapsedMs=136851
DIAG tasks=27 ok=27 fail=0 pend=0 elapsedMs=137851
DIAG tasks=27 ok=27 fail=0 pend=0 elapsedMs=138852
DIAG tasks=27 ok=27 fail=0 pend=0 elapsedMs=139862
DIAG tasks=27 ok=27 fail=0 pend=0 elapsedMs=140862
DIAG tasks=27 ok=27 fail=0 pend=0 elapsedMs=141870
DIAG tasks=27 ok=27 fail=0 pend=0 elapsedMs=142880
DIAG tasks=27 ok=27 fail=0 pend=0 elapsedMs=143889
DIAG tasks=27 ok=27 fail=0 pend=0 elapsedMs=144898
DIAG tasks=27 ok=27 fail=0 pend=0 elapsedMs=145907
DIAG tasks=27 ok=27 fail=0 pend=0 elapsedMs=146907
DIAG tasks=27 ok=27 fail=0 pend=0 elapsedMs=147908
DIAG tasks=27 ok=27 fail=0 pend=0 elapsedMs=148916
DIAG tasks=27 ok=27 fail=0 pend=0 elapsedMs=149926
DIAG tasks=27 ok=27 fail=0 pend=0 elapsedMs=150936
DIAG tasks=27 ok=27 fail=0 pend=0 elapsedMs=151944
DIAG tasks=27 ok=27 fail=0 pend=0 elapsedMs=152952
DIAG tasks=27 ok=27 fail=0 pend=0 elapsedMs=153961
DIAG tasks=27 ok=27 fail=0 pend=0 elapsedMs=154970
DIAG tasks=27 ok=27 fail=0 pend=0 elapsedMs=155979
DIAG tasks=27 ok=27 fail=0 pend=0 elapsedMs=156989
DIAG tasks=27 ok=27 fail=0 pend=0 elapsedMs=157998
DIAG tasks=27 ok=27 fail=0 pend=0 elapsedMs=159008
DIAG tasks=27 ok=27 fail=0 pend=0 elapsedMs=160009
DIAG tasks=27 ok=27 fail=0 pend=0 elapsedMs=161017
DIAG tasks=27 ok=27 fail=0 pend=0 elapsedMs=162026
DIAG tasks=27 ok=27 fail=0 pend=0 elapsedMs=163035
DIAG tasks=27 ok=27 fail=0 pend=0 elapsedMs=164043
DIAG tasks=27 ok=27 fail=0 pend=0 elapsedMs=165050
DIAG tasks=27 ok=27 fail=0 pend=0 elapsedMs=166058
DIAG tasks=27 ok=27 fail=0 pend=0 elapsedMs=167066
DIAG tasks=27 ok=27 fail=0 pend=0 elapsedMs=168075
DIAG tasks=27 ok=27 fail=0 pend=0 elapsedMs=169083
DIAG tasks=27 ok=27 fail=0 pend=0 elapsedMs=170092
DIAG tasks=27 ok=27 fail=0 pend=0 elapsedMs=171100
DIAG tasks=27 ok=27 fail=0 pend=0 elapsedMs=172107
DIAG tasks=27 ok=27 fail=0 pend=0 elapsedMs=173115
DIAG tasks=27 ok=27 fail=0 pend=0 elapsedMs=174122
DIAG tasks=27 ok=27 fail=0 pend=0 elapsedMs=175131
DIAG tasks=27 ok=27 fail=0 pend=0 elapsedMs=176139
DIAG tasks=27 ok=27 fail=0 pend=0 elapsedMs=177148
DIAG tasks=27 ok=27 fail=0 pend=0 elapsedMs=178157
DIAG tasks=27 ok=27 fail=0 pend=0 elapsedMs=179157
DIAG tasks=27 ok=27 fail=0 pend=0 elapsedMs=180157
DIAG tasks=27 ok=27 fail=0 pend=0 elapsedMs=181166
DIAG tasks=27 ok=27 fail=0 pend=0 elapsedMs=182167
DIAG tasks=27 ok=27 fail=0 pend=0 elapsedMs=183176
DIAG tasks=27 ok=27 fail=0 pend=0 elapsedMs=184176
DIAG tasks=27 ok=27 fail=0 pend=0 elapsedMs=185184
DIAG tasks=27 ok=27 fail=0 pend=0 elapsedMs=186191
DIAG tasks=27 ok=27 fail=0 pend=0 elapsedMs=187201
DIAG tasks=27 ok=27 fail=0 pend=0 elapsedMs=188201
DIAG tasks=27 ok=27 fail=0 pend=0 elapsedMs=189211
DIAG tasks=27 ok=27 fail=0 pend=0 elapsedMs=190220
DIAG tasks=27 ok=27 fail=0 pend=0 elapsedMs=191228
DIAG tasks=27 ok=27 fail=0 pend=0 elapsedMs=192238
DIAG tasks=27 ok=27 fail=0 pend=0 elapsedMs=193247
DIAG tasks=27 ok=27 fail=0 pend=0 elapsedMs=194256
DIAG tasks=27 ok=27 fail=0 pend=0 elapsedMs=195264
DIAG tasks=27 ok=27 fail=0 pend=0 elapsedMs=196273
DIAG tasks=27 ok=27 fail=0 pend=0 elapsedMs=197282
DIAG tasks=27 ok=27 fail=0 pend=0 elapsedMs=198292
DIAG tasks=27 ok=27 fail=0 pend=0 elapsedMs=199302
DIAG tasks=27 ok=27 fail=0 pend=0 elapsedMs=200310
DIAG tasks=27 ok=27 fail=0 pend=0 elapsedMs=201319
DIAG tasks=27 ok=27 fail=0 pend=0 elapsedMs=202328
DIAG tasks=27 ok=27 fail=0 pend=0 elapsedMs=203336
DIAG tasks=27 ok=27 fail=0 pend=0 elapsedMs=204337
DIAG tasks=27 ok=27 fail=0 pend=0 elapsedMs=205338
DIAG tasks=27 ok=27 fail=0 pend=0 elapsedMs=206338
DIAG tasks=27 ok=27 fail=0 pend=0 elapsedMs=207346
DIAG tasks=27 ok=27 fail=0 pend=0 elapsedMs=208355
DIAG tasks=27 ok=27 fail=0 pend=0 elapsedMs=209363
DIAG tasks=27 ok=27 fail=0 pend=0 elapsedMs=210372
DIAG tasks=27 ok=27 fail=0 pend=0 elapsedMs=211372
DIAG tasks=27 ok=27 fail=0 pend=0 elapsedMs=212381
DIAG tasks=27 ok=27 fail=0 pend=0 elapsedMs=213382
DIAG tasks=27 ok=27 fail=0 pend=0 elapsedMs=214390
DIAG tasks=27 ok=27 fail=0 pend=0 elapsedMs=215398
DIAG tasks=27 ok=27 fail=0 pend=0 elapsedMs=216405
DIAG tasks=27 ok=27 fail=0 pend=0 elapsedMs=217414
DIAG tasks=27 ok=27 fail=0 pend=0 elapsedMs=218421
DIAG tasks=27 ok=27 fail=0 pend=0 elapsedMs=219429
DIAG tasks=27 ok=27 fail=0 pend=0 elapsedMs=220437
DIAG tasks=27 ok=27 fail=0 pend=0 elapsedMs=221446
DIAG tasks=27 ok=27 fail=0 pend=0 elapsedMs=222456
DIAG tasks=27 ok=27 fail=0 pend=0 elapsedMs=223465
DIAG tasks=27 ok=27 fail=0 pend=0 elapsedMs=224474
DIAG tasks=27 ok=27 fail=0 pend=0 elapsedMs=225484
DIAG tasks=27 ok=27 fail=0 pend=0 elapsedMs=226494
DIAG tasks=27 ok=27 fail=0 pend=0 elapsedMs=227503
DIAG tasks=27 ok=27 fail=0 pend=0 elapsedMs=228511
DIAG tasks=27 ok=27 fail=0 pend=0 elapsedMs=229519
DIAG tasks=27 ok=27 fail=0 pend=0 elapsedMs=230529
DIAG tasks=27 ok=27 fail=0 pend=0 elapsedMs=231532
DIAG tasks=27 ok=27 fail=0 pend=0 elapsedMs=232541
DIAG tasks=27 ok=27 fail=0 pend=0 elapsedMs=233542
DIAG tasks=27 ok=27 fail=0 pend=0 elapsedMs=234551
DIAG tasks=27 ok=27 fail=0 pend=0 elapsedMs=235558
DIAG tasks=27 ok=27 fail=0 pend=0 elapsedMs=236566
DIAG tasks=27 ok=27 fail=0 pend=0 elapsedMs=237567
DIAG tasks=27 ok=27 fail=0 pend=0 elapsedMs=238575
DIAG tasks=27 ok=27 fail=0 pend=0 elapsedMs=239585
DIAG tasks=27 ok=27 fail=0 pend=0 elapsedMs=240593
DIAG tasks=27 ok=27 fail=0 pend=0 elapsedMs=241601
DIAG tasks=27 ok=27 fail=0 pend=0 elapsedMs=242609
DIAG tasks=27 ok=27 fail=0 pend=0 elapsedMs=243617
DIAG tasks=27 ok=27 fail=0 pend=0 elapsedMs=244624
DIAG tasks=27 ok=27 fail=0 pend=0 elapsedMs=245630
DIAG tasks=27 ok=27 fail=0 pend=0 elapsedMs=246638
DIAG tasks=27 ok=27 fail=0 pend=0 elapsedMs=247646
DIAG tasks=27 ok=27 fail=0 pend=0 elapsedMs=248648
DIAG tasks=27 ok=27 fail=0 pend=0 elapsedMs=249648
DIAG tasks=27 ok=27 fail=0 pend=0 elapsedMs=250656
DIAG tasks=27 ok=27 fail=0 pend=0 elapsedMs=251664
DIAG tasks=27 ok=27 fail=0 pend=0 elapsedMs=252673
DIAG tasks=27 ok=27 fail=0 pend=0 elapsedMs=253673
DIAG tasks=27 ok=27 fail=0 pend=0 elapsedMs=254682
DIAG tasks=27 ok=27 fail=0 pend=0 elapsedMs=255690
DIAG tasks=27 ok=27 fail=0 pend=0 elapsedMs=256697
DIAG tasks=27 ok=27 fail=0 pend=0 elapsedMs=257705
DIAG tasks=27 ok=27 fail=0 pend=0 elapsedMs=258713
DIAG tasks=27 ok=27 fail=0 pend=0 elapsedMs=259723
DIAG tasks=27 ok=27 fail=0 pend=0 elapsedMs=260730
DIAG tasks=27 ok=27 fail=0 pend=0 elapsedMs=261738
DIAG tasks=27 ok=27 fail=0 pend=0 elapsedMs=262746
DIAG tasks=27 ok=27 fail=0 pend=0 elapsedMs=263753
DIAG tasks=27 ok=27 fail=0 pend=0 elapsedMs=264762
DIAG tasks=27 ok=27 fail=0 pend=0 elapsedMs=265770
DIAG tasks=27 ok=27 fail=0 pend=0 elapsedMs=266780
DIAG tasks=27 ok=27 fail=0 pend=0 elapsedMs=267789
DIAG tasks=27 ok=27 fail=0 pend=0 elapsedMs=268798
DIAG tasks=27 ok=27 fail=0 pend=0 elapsedMs=269807
DIAG tasks=27 ok=27 fail=0 pend=0 elapsedMs=270817
DIAG tasks=27 ok=27 fail=0 pend=0 elapsedMs=271825
DIAG tasks=27 ok=27 fail=0 pend=0 elapsedMs=272834
DIAG tasks=27 ok=27 fail=0 pend=0 elapsedMs=273843
DIAG tasks=27 ok=27 fail=0 pend=0 elapsedMs=274852
DIAG tasks=27 ok=27 fail=0 pend=0 elapsedMs=275860
DIAG tasks=27 ok=27 fail=0 pend=0 elapsedMs=276869
DIAG tasks=27 ok=27 fail=0 pend=0 elapsedMs=277878
DIAG tasks=27 ok=27 fail=0 pend=0 elapsedMs=278887
DIAG tasks=27 ok=27 fail=0 pend=0 elapsedMs=279896
DIAG tasks=27 ok=27 fail=0 pend=0 elapsedMs=280904
DIAG tasks=27 ok=27 fail=0 pend=0 elapsedMs=281913
DIAG tasks=27 ok=27 fail=0 pend=0 elapsedMs=282921
DIAG tasks=27 ok=27 fail=0 pend=0 elapsedMs=283929
DIAG tasks=27 ok=27 fail=0 pend=0 elapsedMs=284938
DIAG tasks=27 ok=27 fail=0 pend=0 elapsedMs=285947
DIAG tasks=27 ok=27 fail=0 pend=0 elapsedMs=286954
DIAG tasks=27 ok=27 fail=0 pend=0 elapsedMs=287962
DIAG tasks=27 ok=27 fail=0 pend=0 elapsedMs=288970
DIAG tasks=27 ok=27 fail=0 pend=0 elapsedMs=289978
DIAG tasks=27 ok=27 fail=0 pend=0 elapsedMs=290986
DIAG tasks=27 ok=27 fail=0 pend=0 elapsedMs=291994
DIAG tasks=27 ok=27 fail=0 pend=0 elapsedMs=293003
DIAG tasks=27 ok=27 fail=0 pend=0 elapsedMs=294011
DIAG tasks=27 ok=27 fail=0 pend=0 elapsedMs=295021
DIAG tasks=27 ok=27 fail=0 pend=0 elapsedMs=296029
DIAG tasks=27 ok=27 fail=0 pend=0 elapsedMs=297037
DIAG tasks=27 ok=27 fail=0 pend=0 elapsedMs=298045
DIAG tasks=27 ok=27 fail=0 pend=0 elapsedMs=299054
DIAG tasks=27 ok=27 fail=0 pend=0 elapsedMs=300062
DIAG tasks=27 ok=27 fail=0 pend=0 elapsedMs=301070
DIAG tasks=27 ok=27 fail=0 pend=0 elapsedMs=302078
DIAG tasks=27 ok=27 fail=0 pend=0 elapsedMs=303086
DIAG tasks=27 ok=27 fail=0 pend=0 elapsedMs=304094
DIAG tasks=27 ok=27 fail=0 pend=0 elapsedMs=305103
DIAG tasks=27 ok=27 fail=0 pend=0 elapsedMs=306112
DIAG tasks=27 ok=27 fail=0 pend=0 elapsedMs=307112
DIAG tasks=27 ok=27 fail=0 pend=0 elapsedMs=308122
DIAG tasks=27 ok=27 fail=0 pend=0 elapsedMs=309130
DIAG tasks=27 ok=27 fail=0 pend=0 elapsedMs=310137
DIAG tasks=27 ok=27 fail=0 pend=0 elapsedMs=311146
DIAG tasks=27 ok=27 fail=0 pend=0 elapsedMs=312155
DIAG tasks=27 ok=27 fail=0 pend=0 elapsedMs=313162
DIAG tasks=27 ok=27 fail=0 pend=0 elapsedMs=314170
DIAG tasks=27 ok=27 fail=0 pend=0 elapsedMs=315179
DIAG tasks=27 ok=27 fail=0 pend=0 elapsedMs=316187
DIAG tasks=27 ok=27 fail=0 pend=0 elapsedMs=317195
DIAG tasks=27 ok=27 fail=0 pend=0 elapsedMs=318203
DIAG tasks=27 ok=27 fail=0 pend=0 elapsedMs=319210
DIAG tasks=27 ok=27 fail=0 pend=0 elapsedMs=320218
DIAG tasks=27 ok=27 fail=0 pend=0 elapsedMs=321226
DIAG tasks=27 ok=27 fail=0 pend=0 elapsedMs=322234
DIAG tasks=27 ok=27 fail=0 pend=0 elapsedMs=323243
DIAG tasks=27 ok=27 fail=0 pend=0 elapsedMs=324251
DIAG tasks=27 ok=27 fail=0 pend=0 elapsedMs=325260
DIAG tasks=27 ok=27 fail=0 pend=0 elapsedMs=326269
DIAG tasks=27 ok=27 fail=0 pend=0 elapsedMs=327278
DIAG tasks=27 ok=27 fail=0 pend=0 elapsedMs=328286
DIAG tasks=27 ok=27 fail=0 pend=0 elapsedMs=329294
DIAG tasks=27 ok=27 fail=0 pend=0 elapsedMs=330303
DIAG tasks=27 ok=27 fail=0 pend=0 elapsedMs=331311
DIAG tasks=27 ok=27 fail=0 pend=0 elapsedMs=332319
DIAG tasks=27 ok=27 fail=0 pend=0 elapsedMs=333327
DIAG tasks=27 ok=27 fail=0 pend=0 elapsedMs=334335
DIAG tasks=27 ok=27 fail=0 pend=0 elapsedMs=335343
DIAG tasks=27 ok=27 fail=0 pend=0 elapsedMs=336351
DIAG tasks=27 ok=27 fail=0 pend=0 elapsedMs=337360
DIAG tasks=27 ok=27 fail=0 pend=0 elapsedMs=338369
DIAG tasks=27 ok=27 fail=0 pend=0 elapsedMs=339377
DIAG tasks=27 ok=27 fail=0 pend=0 elapsedMs=340384
DIAG tasks=27 ok=27 fail=0 pend=0 elapsedMs=341392
DIAG tasks=27 ok=27 fail=0 pend=0 elapsedMs=342400
DIAG tasks=27 ok=27 fail=0 pend=0 elapsedMs=343409
DIAG tasks=27 ok=27 fail=0 pend=0 elapsedMs=344417
DIAG tasks=27 ok=27 fail=0 pend=0 elapsedMs=345425
DIAG tasks=27 ok=27 fail=0 pend=0 elapsedMs=346433
DIAG tasks=27 ok=27 fail=0 pend=0 elapsedMs=347442
DIAG tasks=27 ok=27 fail=0 pend=0 elapsedMs=348452
DIAG tasks=27 ok=27 fail=0 pend=0 elapsedMs=349460
DIAG tasks=27 ok=27 fail=0 pend=0 elapsedMs=350468
DIAG tasks=27 ok=27 fail=0 pend=0 elapsedMs=351478
DIAG tasks=27 ok=27 fail=0 pend=0 elapsedMs=352487
DIAG tasks=27 ok=27 fail=0 pend=0 elapsedMs=353488
DIAG tasks=27 ok=27 fail=0 pend=0 elapsedMs=354496
DIAG tasks=27 ok=27 fail=0 pend=0 elapsedMs=355506
DIAG tasks=27 ok=27 fail=0 pend=0 elapsedMs=356513
DIAG tasks=27 ok=27 fail=0 pend=0 elapsedMs=357521
DIAG tasks=27 ok=27 fail=0 pend=0 elapsedMs=358530
DIAG tasks=27 ok=27 fail=0 pend=0 elapsedMs=359530
DIAG tasks=27 ok=27 fail=0 pend=0 elapsedMs=360539
DIAG tasks=27 ok=27 fail=0 pend=0 elapsedMs=361548
DIAG tasks=27 ok=27 fail=0 pend=0 elapsedMs=362556
DIAG tasks=27 ok=27 fail=0 pend=0 elapsedMs=363565
DIAG tasks=27 ok=27 fail=0 pend=0 elapsedMs=364574
DIAG tasks=27 ok=27 fail=0 pend=0 elapsedMs=365582
DIAG tasks=27 ok=27 fail=0 pend=0 elapsedMs=366590
DIAG tasks=27 ok=27 fail=0 pend=0 elapsedMs=367599
DIAG tasks=27 ok=27 fail=0 pend=0 elapsedMs=368607
DIAG tasks=27 ok=27 fail=0 pend=0 elapsedMs=369615
DIAG tasks=27 ok=27 fail=0 pend=0 elapsedMs=370623
DIAG tasks=27 ok=27 fail=0 pend=0 elapsedMs=371631
DIAG tasks=27 ok=27 fail=0 pend=0 elapsedMs=372641
DIAG tasks=27 ok=27 fail=0 pend=0 elapsedMs=373649
DIAG tasks=27 ok=27 fail=0 pend=0 elapsedMs=374657
DIAG tasks=27 ok=27 fail=0 pend=0 elapsedMs=375665
DIAG tasks=27 ok=27 fail=0 pend=0 elapsedMs=376674
DIAG tasks=27 ok=27 fail=0 pend=0 elapsedMs=377683
DIAG tasks=27 ok=27 fail=0 pend=0 elapsedMs=378692
DIAG tasks=27 ok=27 fail=0 pend=0 elapsedMs=379701
DIAG tasks=27 ok=27 fail=0 pend=0 elapsedMs=380709
DIAG tasks=27 ok=27 fail=0 pend=0 elapsedMs=381718
DIAG tasks=27 ok=27 fail=0 pend=0 elapsedMs=382726
DIAG tasks=27 ok=27 fail=0 pend=0 elapsedMs=383735
DIAG tasks=27 ok=27 fail=0 pend=0 elapsedMs=384743
DIAG tasks=27 ok=27 fail=0 pend=0 elapsedMs=385752
DIAG tasks=27 ok=27 fail=0 pend=0 elapsedMs=386761
DIAG tasks=27 ok=27 fail=0 pend=0 elapsedMs=387769
DIAG tasks=27 ok=27 fail=0 pend=0 elapsedMs=388777
DIAG tasks=27 ok=27 fail=0 pend=0 elapsedMs=389786
DIAG tasks=27 ok=27 fail=0 pend=0 elapsedMs=390794
DIAG tasks=27 ok=27 fail=0 pend=0 elapsedMs=391804
DIAG tasks=27 ok=27 fail=0 pend=0 elapsedMs=392812
DIAG tasks=27 ok=27 fail=0 pend=0 elapsedMs=393821
DIAG tasks=27 ok=27 fail=0 pend=0 elapsedMs=394829
DIAG tasks=27 ok=27 fail=0 pend=0 elapsedMs=395838
DIAG tasks=27 ok=27 fail=0 pend=0 elapsedMs=396846
DIAG tasks=27 ok=27 fail=0 pend=0 elapsedMs=397855
DIAG tasks=27 ok=27 fail=0 pend=0 elapsedMs=398855
DIAG tasks=27 ok=27 fail=0 pend=0 elapsedMs=399863
DIAG tasks=27 ok=27 fail=0 pend=0 elapsedMs=400871
DIAG tasks=27 ok=27 fail=0 pend=0 elapsedMs=401881
DIAG tasks=27 ok=27 fail=0 pend=0 elapsedMs=402890
DIAG tasks=27 ok=27 fail=0 pend=0 elapsedMs=403898
DIAG tasks=27 ok=27 fail=0 pend=0 elapsedMs=404906
DIAG tasks=27 ok=27 fail=0 pend=0 elapsedMs=405914
DIAG tasks=27 ok=27 fail=0 pend=0 elapsedMs=406922
DIAG tasks=27 ok=27 fail=0 pend=0 elapsedMs=407931
DIAG tasks=27 ok=27 fail=0 pend=0 elapsedMs=408939
DIAG tasks=27 ok=27 fail=0 pend=0 elapsedMs=409948
DIAG tasks=27 ok=27 fail=0 pend=0 elapsedMs=410956
DIAG tasks=27 ok=27 fail=0 pend=0 elapsedMs=411964
DIAG tasks=27 ok=27 fail=0 pend=0 elapsedMs=412973
DIAG tasks=27 ok=27 fail=0 pend=0 elapsedMs=413982
DIAG tasks=27 ok=27 fail=0 pend=0 elapsedMs=414991
DIAG tasks=27 ok=27 fail=0 pend=0 elapsedMs=415999
DIAG tasks=27 ok=27 fail=0 pend=0 elapsedMs=417007
DIAG tasks=27 ok=27 fail=0 pend=0 elapsedMs=418015
DIAG tasks=27 ok=27 fail=0 pend=0 elapsedMs=419023
DIAG tasks=27 ok=27 fail=0 pend=0 elapsedMs=420032
DIAG tasks=27 ok=27 fail=0 pend=0 elapsedMs=421041
DIAG tasks=27 ok=27 fail=0 pend=0 elapsedMs=422049
DIAG tasks=27 ok=27 fail=0 pend=0 elapsedMs=423057
DIAG tasks=27 ok=27 fail=0 pend=0 elapsedMs=424066
DIAG tasks=27 ok=27 fail=0 pend=0 elapsedMs=425074
DIAG tasks=27 ok=27 fail=0 pend=0 elapsedMs=426082
DIAG tasks=27 ok=27 fail=0 pend=0 elapsedMs=427089
DIAG tasks=27 ok=27 fail=0 pend=0 elapsedMs=428097
DIAG tasks=27 ok=27 fail=0 pend=0 elapsedMs=429105
DIAG tasks=27 ok=27 fail=0 pend=0 elapsedMs=430113
DIAG tasks=27 ok=27 fail=0 pend=0 elapsedMs=431121
DIAG tasks=27 ok=27 fail=0 pend=0 elapsedMs=432130
DIAG tasks=27 ok=27 fail=0 pend=0 elapsedMs=433139
DIAG tasks=27 ok=27 fail=0 pend=0 elapsedMs=434147
DIAG tasks=27 ok=27 fail=0 pend=0 elapsedMs=435156
DIAG tasks=27 ok=27 fail=0 pend=0 elapsedMs=436164
DIAG tasks=27 ok=27 fail=0 pend=0 elapsedMs=437172
DIAG tasks=27 ok=27 fail=0 pend=0 elapsedMs=438181
DIAG tasks=27 ok=27 fail=0 pend=0 elapsedMs=439189
DIAG tasks=27 ok=27 fail=0 pend=0 elapsedMs=440196
DIAG tasks=27 ok=27 fail=0 pend=0 elapsedMs=441206
DIAG tasks=27 ok=27 fail=0 pend=0 elapsedMs=442207
DIAG tasks=27 ok=27 fail=0 pend=0 elapsedMs=443215
DIAG tasks=27 ok=27 fail=0 pend=0 elapsedMs=444223
DIAG tasks=27 ok=27 fail=0 pend=0 elapsedMs=445231
DIAG tasks=27 ok=27 fail=0 pend=0 elapsedMs=446239
DIAG tasks=27 ok=27 fail=0 pend=0 elapsedMs=447247
DIAG tasks=27 ok=27 fail=0 pend=0 elapsedMs=448256
DIAG tasks=27 ok=27 fail=0 pend=0 elapsedMs=449264
DIAG tasks=27 ok=27 fail=0 pend=0 elapsedMs=450272
DIAG tasks=27 ok=27 fail=0 pend=0 elapsedMs=451281
DIAG tasks=27 ok=27 fail=0 pend=0 elapsedMs=452290
DIAG tasks=27 ok=27 fail=0 pend=0 elapsedMs=453299
DIAG tasks=27 ok=27 fail=0 pend=0 elapsedMs=454308
DIAG tasks=27 ok=27 fail=0 pend=0 elapsedMs=455316
DIAG tasks=27 ok=27 fail=0 pend=0 elapsedMs=456323
DIAG tasks=27 ok=27 fail=0 pend=0 elapsedMs=457331
DIAG tasks=27 ok=27 fail=0 pend=0 elapsedMs=458331
DIAG tasks=27 ok=27 fail=0 pend=0 elapsedMs=459339
DIAG tasks=27 ok=27 fail=0 pend=0 elapsedMs=460347
DIAG tasks=27 ok=27 fail=0 pend=0 elapsedMs=461356
DIAG tasks=27 ok=27 fail=0 pend=0 elapsedMs=462363
DIAG tasks=27 ok=27 fail=0 pend=0 elapsedMs=463371
DIAG tasks=27 ok=27 fail=0 pend=0 elapsedMs=464379
DIAG tasks=27 ok=27 fail=0 pend=0 elapsedMs=465387
DIAG tasks=27 ok=27 fail=0 pend=0 elapsedMs=466397
DIAG tasks=27 ok=27 fail=0 pend=0 elapsedMs=467404
DIAG tasks=27 ok=27 fail=0 pend=0 elapsedMs=468413
DIAG tasks=27 ok=27 fail=0 pend=0 elapsedMs=469421
DIAG tasks=27 ok=27 fail=0 pend=0 elapsedMs=470429
DIAG tasks=27 ok=27 fail=0 pend=0 elapsedMs=471437
DIAG tasks=27 ok=27 fail=0 pend=0 elapsedMs=472445
DIAG tasks=27 ok=27 fail=0 pend=0 elapsedMs=473455
DIAG tasks=27 ok=27 fail=0 pend=0 elapsedMs=474463
DIAG tasks=27 ok=27 fail=0 pend=0 elapsedMs=475473
DIAG tasks=27 ok=27 fail=0 pend=0 elapsedMs=476482
DIAG tasks=27 ok=27 fail=0 pend=0 elapsedMs=477489
DIAG tasks=27 ok=27 fail=0 pend=0 elapsedMs=478498
DIAG tasks=27 ok=27 fail=0 pend=0 elapsedMs=479506
DIAG tasks=27 ok=27 fail=0 pend=0 elapsedMs=480514
DIAG tasks=27 ok=27 fail=0 pend=0 elapsedMs=481523
DIAG tasks=27 ok=27 fail=0 pend=0 elapsedMs=482531
DIAG tasks=27 ok=27 fail=0 pend=0 elapsedMs=483539
DIAG tasks=27 ok=27 fail=0 pend=0 elapsedMs=484548
DIAG tasks=27 ok=27 fail=0 pend=0 elapsedMs=485557
DIAG tasks=27 ok=27 fail=0 pend=0 elapsedMs=486565
DIAG tasks=27 ok=27 fail=0 pend=0 elapsedMs=487575
DIAG tasks=27 ok=27 fail=0 pend=0 elapsedMs=488584
DIAG tasks=27 ok=27 fail=0 pend=0 elapsedMs=489593
DIAG tasks=27 ok=27 fail=0 pend=0 elapsedMs=490602
DIAG tasks=27 ok=27 fail=0 pend=0 elapsedMs=491603
DIAG tasks=27 ok=27 fail=0 pend=0 elapsedMs=492612
DIAG tasks=27 ok=27 fail=0 pend=0 elapsedMs=493620
DIAG tasks=27 ok=27 fail=0 pend=0 elapsedMs=494629
DIAG tasks=27 ok=27 fail=0 pend=0 elapsedMs=495637
DIAG tasks=27 ok=27 fail=0 pend=0 elapsedMs=496645
DIAG tasks=27 ok=27 fail=0 pend=0 elapsedMs=497652
DIAG tasks=27 ok=27 fail=0 pend=0 elapsedMs=498660
DIAG tasks=27 ok=27 fail=0 pend=0 elapsedMs=499669
DIAG tasks=27 ok=27 fail=0 pend=0 elapsedMs=500676
DIAG tasks=27 ok=27 fail=0 pend=0 elapsedMs=501684
DIAG tasks=27 ok=27 fail=0 pend=0 elapsedMs=502694
DIAG tasks=27 ok=27 fail=0 pend=0 elapsedMs=503703
DIAG tasks=27 ok=27 fail=0 pend=0 elapsedMs=504711
DIAG tasks=27 ok=27 fail=0 pend=0 elapsedMs=505720
DIAG tasks=27 ok=27 fail=0 pend=0 elapsedMs=506728
DIAG tasks=27 ok=27 fail=0 pend=0 elapsedMs=507736
DIAG tasks=27 ok=27 fail=0 pend=0 elapsedMs=508745
DIAG tasks=27 ok=27 fail=0 pend=0 elapsedMs=509753
DIAG tasks=27 ok=27 fail=0 pend=0 elapsedMs=510761
DIAG tasks=27 ok=27 fail=0 pend=0 elapsedMs=511769
DIAG tasks=27 ok=27 fail=0 pend=0 elapsedMs=512777
DIAG tasks=27 ok=27 fail=0 pend=0 elapsedMs=513786
DIAG tasks=27 ok=27 fail=0 pend=0 elapsedMs=514795
DIAG tasks=27 ok=27 fail=0 pend=0 elapsedMs=515803
DIAG tasks=27 ok=27 fail=0 pend=0 elapsedMs=516813
DIAG tasks=27 ok=27 fail=0 pend=0 elapsedMs=517822
DIAG tasks=27 ok=27 fail=0 pend=0 elapsedMs=518829
DIAG tasks=27 ok=27 fail=0 pend=0 elapsedMs=519838
DIAG tasks=27 ok=27 fail=0 pend=0 elapsedMs=520846
DIAG tasks=27 ok=27 fail=0 pend=0 elapsedMs=521854
DIAG tasks=27 ok=27 fail=0 pend=0 elapsedMs=522862
DIAG tasks=27 ok=27 fail=0 pend=0 elapsedMs=523871
DIAG tasks=27 ok=27 fail=0 pend=0 elapsedMs=524879
DIAG tasks=27 ok=27 fail=0 pend=0 elapsedMs=525888
DIAG tasks=27 ok=27 fail=0 pend=0 elapsedMs=526896
DIAG tasks=27 ok=27 fail=0 pend=0 elapsedMs=527904
DIAG tasks=27 ok=27 fail=0 pend=0 elapsedMs=528913
DIAG tasks=27 ok=27 fail=0 pend=0 elapsedMs=529922
DIAG tasks=27 ok=27 fail=0 pend=0 elapsedMs=530931
DIAG tasks=27 ok=27 fail=0 pend=0 elapsedMs=531939
DIAG tasks=27 ok=27 fail=0 pend=0 elapsedMs=532947
DIAG tasks=27 ok=27 fail=0 pend=0 elapsedMs=533956
DIAG tasks=27 ok=27 fail=0 pend=0 elapsedMs=534965
DIAG tasks=27 ok=27 fail=0 pend=0 elapsedMs=535974
DIAG tasks=27 ok=27 fail=0 pend=0 elapsedMs=536982
DIAG tasks=27 ok=27 fail=0 pend=0 elapsedMs=537990
DIAG tasks=27 ok=27 fail=0 pend=0 elapsedMs=538999
DIAG tasks=27 ok=27 fail=0 pend=0 elapsedMs=540007
DIAG tasks=27 ok=27 fail=0 pend=0 elapsedMs=541015
DIAG tasks=27 ok=27 fail=0 pend=0 elapsedMs=542022
DIAG tasks=27 ok=27 fail=0 pend=0 elapsedMs=543030
DIAG tasks=27 ok=27 fail=0 pend=0 elapsedMs=544039
DIAG tasks=27 ok=27 fail=0 pend=0 elapsedMs=545040
DIAG tasks=27 ok=27 fail=0 pend=0 elapsedMs=546048
DIAG tasks=27 ok=27 fail=0 pend=0 elapsedMs=547057
DIAG tasks=27 ok=27 fail=0 pend=0 elapsedMs=548065
DIAG tasks=27 ok=27 fail=0 pend=0 elapsedMs=549074
DIAG tasks=27 ok=27 fail=0 pend=0 elapsedMs=550083
DIAG tasks=27 ok=27 fail=0 pend=0 elapsedMs=551093
DIAG tasks=27 ok=27 fail=0 pend=0 elapsedMs=552102
DIAG tasks=27 ok=27 fail=0 pend=0 elapsedMs=553111
DIAG tasks=27 ok=27 fail=0 pend=0 elapsedMs=554120
DIAG tasks=27 ok=27 fail=0 pend=0 elapsedMs=555128
DIAG tasks=27 ok=27 fail=0 pend=0 elapsedMs=556136
DIAG tasks=27 ok=27 fail=0 pend=0 elapsedMs=557145
DIAG tasks=27 ok=27 fail=0 pend=0 elapsedMs=558154
DIAG tasks=27 ok=27 fail=0 pend=0 elapsedMs=559162
DIAG tasks=27 ok=27 fail=0 pend=0 elapsedMs=560169
DIAG tasks=27 ok=27 fail=0 pend=0 elapsedMs=561178
DIAG tasks=27 ok=27 fail=0 pend=0 elapsedMs=562179
DIAG tasks=27 ok=27 fail=0 pend=0 elapsedMs=563180
DIAG tasks=27 ok=27 fail=0 pend=0 elapsedMs=564190
DIAG tasks=27 ok=27 fail=0 pend=0 elapsedMs=565199
DIAG tasks=27 ok=27 fail=0 pend=0 elapsedMs=566207
DIAG tasks=27 ok=27 fail=0 pend=0 elapsedMs=567214
DIAG tasks=27 ok=27 fail=0 pend=0 elapsedMs=568222
DIAG tasks=27 ok=27 fail=0 pend=0 elapsedMs=569232
DIAG tasks=27 ok=27 fail=0 pend=0 elapsedMs=570239
DIAG tasks=27 ok=27 fail=0 pend=0 elapsedMs=571247
DIAG tasks=27 ok=27 fail=0 pend=0 elapsedMs=572256
DIAG tasks=27 ok=27 fail=0 pend=0 elapsedMs=573264
DIAG tasks=27 ok=27 fail=0 pend=0 elapsedMs=574273
DIAG tasks=27 ok=27 fail=0 pend=0 elapsedMs=575282
DIAG tasks=27 ok=27 fail=0 pend=0 elapsedMs=576290
DIAG tasks=27 ok=27 fail=0 pend=0 elapsedMs=577298
DIAG tasks=27 ok=27 fail=0 pend=0 elapsedMs=578306
DIAG tasks=27 ok=27 fail=0 pend=0 elapsedMs=579315
DIAG tasks=27 ok=27 fail=0 pend=0 elapsedMs=580322
DIAG tasks=27 ok=27 fail=0 pend=0 elapsedMs=581331
DIAG tasks=27 ok=27 fail=0 pend=0 elapsedMs=582340
DIAG tasks=27 ok=27 fail=0 pend=0 elapsedMs=583348
DIAG tasks=27 ok=27 fail=0 pend=0 elapsedMs=584356
DIAG tasks=27 ok=27 fail=0 pend=0 elapsedMs=585364
DIAG tasks=27 ok=27 fail=0 pend=0 elapsedMs=586366
DIAG tasks=27 ok=27 fail=0 pend=0 elapsedMs=587375
DIAG tasks=27 ok=27 fail=0 pend=0 elapsedMs=588383
DIAG tasks=27 ok=27 fail=0 pend=0 elapsedMs=589392
DIAG tasks=27 ok=27 fail=0 pend=0 elapsedMs=590399
DIAG tasks=27 ok=27 fail=0 pend=0 elapsedMs=591408
DIAG tasks=27 ok=27 fail=0 pend=0 elapsedMs=592417
DIAG tasks=27 ok=27 fail=0 pend=0 elapsedMs=593427
DIAG tasks=27 ok=27 fail=0 pend=0 elapsedMs=594437
DIAG tasks=27 ok=27 fail=0 pend=0 elapsedMs=595446
DIAG tasks=27 ok=27 fail=0 pend=0 elapsedMs=596455
DIAG tasks=27 ok=27 fail=0 pend=0 elapsedMs=597455
DIAG tasks=27 ok=27 fail=0 pend=0 elapsedMs=598464
DIAG tasks=27 ok=27 fail=0 pend=0 elapsedMs=599473
DIAG tasks=27 ok=27 fail=0 pend=0 elapsedMs=600481
DIAG tasks=27 ok=27 fail=0 pend=0 elapsedMs=601490
DIAG tasks=27 ok=27 fail=0 pend=0 elapsedMs=602499
DIAG tasks=27 ok=27 fail=0 pend=0 elapsedMs=603506
DIAG tasks=27 ok=27 fail=0 pend=0 elapsedMs=604515
DIAG tasks=27 ok=27 fail=0 pend=0 elapsedMs=605524
DIAG tasks=27 ok=27 fail=0 pend=0 elapsedMs=606533
DIAG tasks=27 ok=27 fail=0 pend=0 elapsedMs=607541
DIAG tasks=27 ok=27 fail=0 pend=0 elapsedMs=608550
DIAG tasks=27 ok=27 fail=0 pend=0 elapsedMs=609558
DIAG tasks=27 ok=27 fail=0 pend=0 elapsedMs=610567
DIAG tasks=27 ok=27 fail=0 pend=0 elapsedMs=611575
DIAG tasks=27 ok=27 fail=0 pend=0 elapsedMs=612583
DIAG tasks=27 ok=27 fail=0 pend=0 elapsedMs=613591
DIAG tasks=27 ok=27 fail=0 pend=0 elapsedMs=614599
DIAG tasks=27 ok=27 fail=0 pend=0 elapsedMs=615609
DIAG tasks=27 ok=27 fail=0 pend=0 elapsedMs=616616
DIAG tasks=27 ok=27 fail=0 pend=0 elapsedMs=617624
DIAG tasks=27 ok=27 fail=0 pend=0 elapsedMs=618634
DIAG tasks=27 ok=27 fail=0 pend=0 elapsedMs=619642
DIAG tasks=27 ok=27 fail=0 pend=0 elapsedMs=620651
DIAG tasks=27 ok=27 fail=0 pend=0 elapsedMs=621659
DIAG tasks=27 ok=27 fail=0 pend=0 elapsedMs=622668
DIAG tasks=27 ok=27 fail=0 pend=0 elapsedMs=623676
DIAG tasks=27 ok=27 fail=0 pend=0 elapsedMs=624677
DIAG tasks=27 ok=27 fail=0 pend=0 elapsedMs=625685
DIAG tasks=27 ok=27 fail=0 pend=0 elapsedMs=626693
DIAG tasks=27 ok=27 fail=0 pend=0 elapsedMs=627701
DIAG tasks=27 ok=27 fail=0 pend=0 elapsedMs=628711
DIAG tasks=27 ok=27 fail=0 pend=0 elapsedMs=629713
DIAG tasks=27 ok=27 fail=0 pend=0 elapsedMs=630722
DIAG tasks=27 ok=27 fail=0 pend=0 elapsedMs=631730
DIAG tasks=27 ok=27 fail=0 pend=0 elapsedMs=632738
DIAG tasks=27 ok=27 fail=0 pend=0 elapsedMs=633745
DIAG tasks=27 ok=27 fail=0 pend=0 elapsedMs=634754
DIAG tasks=27 ok=27 fail=0 pend=0 elapsedMs=635762
DIAG tasks=27 ok=27 fail=0 pend=0 elapsedMs=636769
DIAG tasks=27 ok=27 fail=0 pend=0 elapsedMs=637779
DIAG tasks=27 ok=27 fail=0 pend=0 elapsedMs=638788
DIAG tasks=27 ok=27 fail=0 pend=0 elapsedMs=639796
DIAG tasks=27 ok=27 fail=0 pend=0 elapsedMs=640804
DIAG tasks=27 ok=27 fail=0 pend=0 elapsedMs=641813
DIAG tasks=27 ok=27 fail=0 pend=0 elapsedMs=642823
DIAG tasks=27 ok=27 fail=0 pend=0 elapsedMs=643832
DIAG tasks=27 ok=27 fail=0 pend=0 elapsedMs=644840
DIAG tasks=27 ok=27 fail=0 pend=0 elapsedMs=645848
DIAG tasks=27 ok=27 fail=0 pend=0 elapsedMs=646855
DIAG tasks=27 ok=27 fail=0 pend=0 elapsedMs=647863
DIAG tasks=27 ok=27 fail=0 pend=0 elapsedMs=648872
DIAG tasks=27 ok=27 fail=0 pend=0 elapsedMs=649882
DIAG tasks=27 ok=27 fail=0 pend=0 elapsedMs=650890
DIAG tasks=27 ok=27 fail=0 pend=0 elapsedMs=651898
DIAG tasks=27 ok=27 fail=0 pend=0 elapsedMs=652907
DIAG tasks=27 ok=27 fail=0 pend=0 elapsedMs=653915
DIAG tasks=27 ok=27 fail=0 pend=0 elapsedMs=654924
DIAG tasks=27 ok=27 fail=0 pend=0 elapsedMs=655931
DIAG tasks=27 ok=27 fail=0 pend=0 elapsedMs=656939
DIAG tasks=27 ok=27 fail=0 pend=0 elapsedMs=657949
DIAG tasks=27 ok=27 fail=0 pend=0 elapsedMs=658957
DIAG tasks=27 ok=27 fail=0 pend=0 elapsedMs=659965
DIAG tasks=27 ok=27 fail=0 pend=0 elapsedMs=660973
DIAG tasks=27 ok=27 fail=0 pend=0 elapsedMs=661983
DIAG tasks=27 ok=27 fail=0 pend=0 elapsedMs=662992
DIAG tasks=27 ok=27 fail=0 pend=0 elapsedMs=664000
DIAG tasks=27 ok=27 fail=0 pend=0 elapsedMs=665008
DIAG tasks=27 ok=27 fail=0 pend=0 elapsedMs=666016
DIAG tasks=27 ok=27 fail=0 pend=0 elapsedMs=667025
DIAG tasks=27 ok=27 fail=0 pend=0 elapsedMs=668033
DIAG tasks=27 ok=27 fail=0 pend=0 elapsedMs=669042
DIAG tasks=27 ok=27 fail=0 pend=0 elapsedMs=670051
DIAG tasks=27 ok=27 fail=0 pend=0 elapsedMs=671061
DIAG tasks=27 ok=27 fail=0 pend=0 elapsedMs=672069
DIAG tasks=27 ok=27 fail=0 pend=0 elapsedMs=673077
DIAG tasks=27 ok=27 fail=0 pend=0 elapsedMs=674085
DIAG tasks=27 ok=27 fail=0 pend=0 elapsedMs=675094
DIAG tasks=27 ok=27 fail=0 pend=0 elapsedMs=676103
DIAG tasks=27 ok=27 fail=0 pend=0 elapsedMs=677112
DIAG tasks=27 ok=27 fail=0 pend=0 elapsedMs=678121
DIAG tasks=27 ok=27 fail=0 pend=0 elapsedMs=679131
DIAG tasks=27 ok=27 fail=0 pend=0 elapsedMs=680139
DIAG tasks=27 ok=27 fail=0 pend=0 elapsedMs=681147
DIAG tasks=27 ok=27 fail=0 pend=0 elapsedMs=682155
DIAG tasks=27 ok=27 fail=0 pend=0 elapsedMs=683164
DIAG tasks=27 ok=27 fail=0 pend=0 elapsedMs=684172
DIAG tasks=27 ok=27 fail=0 pend=0 elapsedMs=685180
DIAG tasks=27 ok=27 fail=0 pend=0 elapsedMs=686188
DIAG tasks=27 ok=27 fail=0 pend=0 elapsedMs=687196
DIAG tasks=27 ok=27 fail=0 pend=0 elapsedMs=688204
DIAG tasks=27 ok=27 fail=0 pend=0 elapsedMs=689213
DIAG tasks=27 ok=27 fail=0 pend=0 elapsedMs=690223
DIAG tasks=27 ok=27 fail=0 pend=0 elapsedMs=691231
DIAG tasks=27 ok=27 fail=0 pend=0 elapsedMs=692240
DIAG tasks=27 ok=27 fail=0 pend=0 elapsedMs=693249
DIAG tasks=27 ok=27 fail=0 pend=0 elapsedMs=694258
DIAG tasks=27 ok=27 fail=0 pend=0 elapsedMs=695267
DIAG tasks=27 ok=27 fail=0 pend=0 elapsedMs=696276
DIAG tasks=27 ok=27 fail=0 pend=0 elapsedMs=697285
DIAG tasks=27 ok=27 fail=0 pend=0 elapsedMs=698292
DIAG tasks=27 ok=27 fail=0 pend=0 elapsedMs=699300
DIAG tasks=27 ok=27 fail=0 pend=0 elapsedMs=700307
DIAG tasks=27 ok=27 fail=0 pend=0 elapsedMs=701316
DIAG tasks=27 ok=27 fail=0 pend=0 elapsedMs=702325
DIAG tasks=27 ok=27 fail=0 pend=0 elapsedMs=703333
DIAG tasks=27 ok=27 fail=0 pend=0 elapsedMs=704340
DIAG tasks=27 ok=27 fail=0 pend=0 elapsedMs=705347
DIAG tasks=27 ok=27 fail=0 pend=0 elapsedMs=706355
DIAG tasks=27 ok=27 fail=0 pend=0 elapsedMs=707364
DIAG tasks=27 ok=27 fail=0 pend=0 elapsedMs=708364
DIAG tasks=27 ok=27 fail=0 pend=0 elapsedMs=709373
DIAG tasks=27 ok=27 fail=0 pend=0 elapsedMs=710383
DIAG tasks=27 ok=27 fail=0 pend=0 elapsedMs=711391
DIAG tasks=27 ok=27 fail=0 pend=0 elapsedMs=712399
DIAG tasks=27 ok=27 fail=0 pend=0 elapsedMs=713408
DIAG tasks=27 ok=27 fail=0 pend=0 elapsedMs=714416
DIAG tasks=27 ok=27 fail=0 pend=0 elapsedMs=715424
DIAG tasks=27 ok=27 fail=0 pend=0 elapsedMs=716433
DIAG tasks=27 ok=27 fail=0 pend=0 elapsedMs=717442
DIAG tasks=27 ok=27 fail=0 pend=0 elapsedMs=718451
DIAG tasks=27 ok=27 fail=0 pend=0 elapsedMs=719460
DIAG tasks=27 ok=27 fail=0 pend=0 elapsedMs=720469
DIAG tasks=27 ok=27 fail=0 pend=0 elapsedMs=721478
DIAG tasks=27 ok=27 fail=0 pend=0 elapsedMs=722478
DIAG tasks=27 ok=27 fail=0 pend=0 elapsedMs=723485
DIAG tasks=27 ok=27 fail=0 pend=0 elapsedMs=724494
DIAG tasks=27 ok=27 fail=0 pend=0 elapsedMs=725503
DIAG tasks=27 ok=27 fail=0 pend=0 elapsedMs=726512
DIAG tasks=27 ok=27 fail=0 pend=0 elapsedMs=727521
DIAG tasks=27 ok=27 fail=0 pend=0 elapsedMs=728530
DIAG tasks=27 ok=27 fail=0 pend=0 elapsedMs=729538
DIAG tasks=27 ok=27 fail=0 pend=0 elapsedMs=730544
DIAG tasks=27 ok=27 fail=0 pend=0 elapsedMs=731552
DIAG tasks=27 ok=27 fail=0 pend=0 elapsedMs=732561
DIAG tasks=27 ok=27 fail=0 pend=0 elapsedMs=733568
DIAG tasks=27 ok=27 fail=0 pend=0 elapsedMs=734576
DIAG tasks=27 ok=27 fail=0 pend=0 elapsedMs=735583
DIAG tasks=27 ok=27 fail=0 pend=0 elapsedMs=736593
DIAG tasks=27 ok=27 fail=0 pend=0 elapsedMs=737602
DIAG tasks=27 ok=27 fail=0 pend=0 elapsedMs=738611
DIAG tasks=27 ok=27 fail=0 pend=0 elapsedMs=739620
DIAG tasks=27 ok=27 fail=0 pend=0 elapsedMs=740629
DIAG tasks=27 ok=27 fail=0 pend=0 elapsedMs=741636
DIAG tasks=27 ok=27 fail=0 pend=0 elapsedMs=742644
DIAG tasks=27 ok=27 fail=0 pend=0 elapsedMs=743653
DIAG tasks=27 ok=27 fail=0 pend=0 elapsedMs=744661
DIAG tasks=27 ok=27 fail=0 pend=0 elapsedMs=745669
DIAG tasks=27 ok=27 fail=0 pend=0 elapsedMs=746679
DIAG tasks=27 ok=27 fail=0 pend=0 elapsedMs=747688
DIAG tasks=27 ok=27 fail=0 pend=0 elapsedMs=748695
DIAG tasks=27 ok=27 fail=0 pend=0 elapsedMs=749703
DIAG tasks=27 ok=27 fail=0 pend=0 elapsedMs=750711
DIAG tasks=27 ok=27 fail=0 pend=0 elapsedMs=751720
DIAG tasks=27 ok=27 fail=0 pend=0 elapsedMs=752729
DIAG tasks=27 ok=27 fail=0 pend=0 elapsedMs=753738
DIAG tasks=27 ok=27 fail=0 pend=0 elapsedMs=754747
DIAG tasks=27 ok=27 fail=0 pend=0 elapsedMs=755750
DIAG tasks=27 ok=27 fail=0 pend=0 elapsedMs=756751
DIAG tasks=27 ok=27 fail=0 pend=0 elapsedMs=757761
DIAG tasks=27 ok=27 fail=0 pend=0 elapsedMs=758770
DIAG tasks=27 ok=27 fail=0 pend=0 elapsedMs=759779
DIAG tasks=27 ok=27 fail=0 pend=0 elapsedMs=760788
DIAG tasks=27 ok=27 fail=0 pend=0 elapsedMs=761798
DIAG tasks=27 ok=27 fail=0 pend=0 elapsedMs=762806
DIAG tasks=27 ok=27 fail=0 pend=0 elapsedMs=763814
DIAG tasks=27 ok=27 fail=0 pend=0 elapsedMs=764822
DIAG tasks=27 ok=27 fail=0 pend=0 elapsedMs=765829
DIAG tasks=27 ok=27 fail=0 pend=0 elapsedMs=766839
DIAG tasks=27 ok=27 fail=0 pend=0 elapsedMs=767845
DIAG tasks=27 ok=27 fail=0 pend=0 elapsedMs=768846
DIAG tasks=27 ok=27 fail=0 pend=0 elapsedMs=769848
DIAG tasks=27 ok=27 fail=0 pend=0 elapsedMs=770849
DIAG tasks=27 ok=27 fail=0 pend=0 elapsedMs=771857
DIAG tasks=27 ok=27 fail=0 pend=0 elapsedMs=772865
DIAG tasks=27 ok=27 fail=0 pend=0 elapsedMs=773873
DIAG tasks=27 ok=27 fail=0 pend=0 elapsedMs=774880
DIAG tasks=27 ok=27 fail=0 pend=0 elapsedMs=775889
DIAG tasks=27 ok=27 fail=0 pend=0 elapsedMs=776899
DIAG tasks=27 ok=27 fail=0 pend=0 elapsedMs=777907
DIAG tasks=27 ok=27 fail=0 pend=0 elapsedMs=778915
DIAG tasks=27 ok=27 fail=0 pend=0 elapsedMs=779923
DIAG tasks=27 ok=27 fail=0 pend=0 elapsedMs=780931
DIAG tasks=27 ok=27 fail=0 pend=0 elapsedMs=781938
DIAG tasks=27 ok=27 fail=0 pend=0 elapsedMs=782939
DIAG tasks=27 ok=27 fail=0 pend=0 elapsedMs=783949
DIAG tasks=27 ok=27 fail=0 pend=0 elapsedMs=784950
DIAG tasks=27 ok=27 fail=0 pend=0 elapsedMs=785960
DIAG tasks=27 ok=27 fail=0 pend=0 elapsedMs=786969
DIAG tasks=27 ok=27 fail=0 pend=0 elapsedMs=787977
DIAG tasks=27 ok=27 fail=0 pend=0 elapsedMs=788985
DIAG tasks=27 ok=27 fail=0 pend=0 elapsedMs=789993
DIAG tasks=27 ok=27 fail=0 pend=0 elapsedMs=791003
DIAG tasks=27 ok=27 fail=0 pend=0 elapsedMs=792012
DIAG tasks=27 ok=27 fail=0 pend=0 elapsedMs=793020
DIAG tasks=27 ok=27 fail=0 pend=0 elapsedMs=794028
DIAG tasks=27 ok=27 fail=0 pend=0 elapsedMs=795037
DIAG tasks=27 ok=27 fail=0 pend=0 elapsedMs=796045
DIAG tasks=27 ok=27 fail=0 pend=0 elapsedMs=797053
DIAG tasks=27 ok=27 fail=0 pend=0 elapsedMs=798061
DIAG tasks=27 ok=27 fail=0 pend=0 elapsedMs=799069
DIAG tasks=27 ok=27 fail=0 pend=0 elapsedMs=800071
DIAG tasks=27 ok=27 fail=0 pend=0 elapsedMs=801079
DIAG tasks=27 ok=27 fail=0 pend=0 elapsedMs=802088
DIAG tasks=27 ok=27 fail=0 pend=0 elapsedMs=803098
DIAG tasks=27 ok=27 fail=0 pend=0 elapsedMs=804106
DIAG tasks=27 ok=27 fail=0 pend=0 elapsedMs=805116
DIAG tasks=27 ok=27 fail=0 pend=0 elapsedMs=806126
DIAG tasks=27 ok=27 fail=0 pend=0 elapsedMs=807134
DIAG tasks=27 ok=27 fail=0 pend=0 elapsedMs=808142
DIAG tasks=27 ok=27 fail=0 pend=0 elapsedMs=809149
DIAG tasks=27 ok=27 fail=0 pend=0 elapsedMs=810156
DIAG tasks=27 ok=27 fail=0 pend=0 elapsedMs=811164
DIAG tasks=27 ok=27 fail=0 pend=0 elapsedMs=812173
DIAG tasks=27 ok=27 fail=0 pend=0 elapsedMs=813181
DIAG tasks=27 ok=27 fail=0 pend=0 elapsedMs=814189
DIAG tasks=27 ok=27 fail=0 pend=0 elapsedMs=815198
DIAG tasks=27 ok=27 fail=0 pend=0 elapsedMs=816207
DIAG tasks=27 ok=27 fail=0 pend=0 elapsedMs=817217
DIAG tasks=27 ok=27 fail=0 pend=0 elapsedMs=818224
DIAG tasks=27 ok=27 fail=0 pend=0 elapsedMs=819232
DIAG tasks=27 ok=27 fail=0 pend=0 elapsedMs=820240
DIAG tasks=27 ok=27 fail=0 pend=0 elapsedMs=821249
DIAG tasks=27 ok=27 fail=0 pend=0 elapsedMs=822258
DIAG tasks=27 ok=27 fail=0 pend=0 elapsedMs=823268
DIAG tasks=27 ok=27 fail=0 pend=0 elapsedMs=824269
DIAG tasks=27 ok=27 fail=0 pend=0 elapsedMs=825277
DIAG tasks=27 ok=27 fail=0 pend=0 elapsedMs=826284
DIAG tasks=27 ok=27 fail=0 pend=0 elapsedMs=827292
DIAG tasks=27 ok=27 fail=0 pend=0 elapsedMs=828300
DIAG tasks=27 ok=27 fail=0 pend=0 elapsedMs=829307
DIAG tasks=27 ok=27 fail=0 pend=0 elapsedMs=830314
DIAG tasks=27 ok=27 fail=0 pend=0 elapsedMs=831321
DIAG tasks=27 ok=27 fail=0 pend=0 elapsedMs=832329
DIAG tasks=27 ok=27 fail=0 pend=0 elapsedMs=833337
DIAG tasks=27 ok=27 fail=0 pend=0 elapsedMs=834344
DIAG tasks=27 ok=27 fail=0 pend=0 elapsedMs=835354
DIAG tasks=27 ok=27 fail=0 pend=0 elapsedMs=836363
DIAG tasks=27 ok=27 fail=0 pend=0 elapsedMs=837371
DIAG tasks=27 ok=27 fail=0 pend=0 elapsedMs=838381
DIAG tasks=27 ok=27 fail=0 pend=0 elapsedMs=839390
DIAG tasks=27 ok=27 fail=0 pend=0 elapsedMs=840395
DIAG tasks=27 ok=27 fail=0 pend=0 elapsedMs=841398
DIAG tasks=27 ok=27 fail=0 pend=0 elapsedMs=842399
DIAG tasks=27 ok=27 fail=0 pend=0 elapsedMs=843409
DIAG tasks=27 ok=27 fail=0 pend=0 elapsedMs=844418
DIAG tasks=27 ok=27 fail=0 pend=0 elapsedMs=845427
DIAG tasks=27 ok=27 fail=0 pend=0 elapsedMs=846436
DIAG tasks=27 ok=27 fail=0 pend=0 elapsedMs=847438
DIAG tasks=27 ok=27 fail=0 pend=0 elapsedMs=848439
DIAG tasks=27 ok=27 fail=0 pend=0 elapsedMs=849448
DIAG tasks=27 ok=27 fail=0 pend=0 elapsedMs=850457
DIAG tasks=27 ok=27 fail=0 pend=0 elapsedMs=851458
DIAG tasks=27 ok=27 fail=0 pend=0 elapsedMs=852466
DIAG tasks=27 ok=27 fail=0 pend=0 elapsedMs=853475
DIAG tasks=27 ok=27 fail=0 pend=0 elapsedMs=854483
DIAG tasks=27 ok=27 fail=0 pend=0 elapsedMs=855491
DIAG tasks=27 ok=27 fail=0 pend=0 elapsedMs=856500
DIAG tasks=27 ok=27 fail=0 pend=0 elapsedMs=857508
DIAG tasks=27 ok=27 fail=0 pend=0 elapsedMs=858516
DIAG tasks=27 ok=27 fail=0 pend=0 elapsedMs=859525
DIAG tasks=27 ok=27 fail=0 pend=0 elapsedMs=860534
DIAG tasks=27 ok=27 fail=0 pend=0 elapsedMs=861537
DIAG tasks=27 ok=27 fail=0 pend=0 elapsedMs=862545
DIAG tasks=27 ok=27 fail=0 pend=0 elapsedMs=863553
DIAG tasks=27 ok=27 fail=0 pend=0 elapsedMs=864561
DIAG tasks=27 ok=27 fail=0 pend=0 elapsedMs=865569
